camerarecorder/build/intermediates/manifest_merge_blame_file/debug/manifest-merger-blame-debug-report.txt
1<?xml version="1.0" encoding="utf-8"?>
2<manifest xmlns:android="http://schemas.android.com/apk/res/android"
3    xmlns:tools="http://schemas.android.com/tools"
4    package="com.kalasa.library" >
5
6    <uses-sdk
7        android:minSdkVersion="24"
7-->src\main\AndroidManifest.xml
8        android:targetSdkVersion="29" />
8-->src\main\AndroidManifest.xml
9
10    <uses-permission android:name="android.permission.RECORD_AUDIO" />
10-->src\main\AndroidManifest.xml:5:5-71
10-->src\main\AndroidManifest.xml:5:22-68
11    <uses-permission android:name="android.permission.READ_EXTERNAL_STORAGE" />
11-->src\main\AndroidManifest.xml:6:5-80
11-->src\main\AndroidManifest.xml:6:22-77
12    <uses-permission android:name="android.permission.INTERNET" />
12-->src\main\AndroidManifest.xml:7:5-67
12-->src\main\AndroidManifest.xml:7:22-64
13    <uses-permission android:name="android.permission.ACCESS_NETWORK_STATE" />
13-->src\main\AndroidManifest.xml:8:5-79
13-->src\main\AndroidManifest.xml:8:22-76
14
15    <uses-feature android:name="android.hardware.camera" />
15-->src\main\AndroidManifest.xml:9:5-60
15-->src\main\AndroidManifest.xml:9:19-57
16    <uses-feature android:name="android.hardware.camera.autofocus" />
16-->src\main\AndroidManifest.xml:10:5-70
16-->src\main\AndroidManifest.xml:10:19-67
17
18    <uses-permission android:name="android.permission.CAMERA" />
18-->src\main\AndroidManifest.xml:11:5-65
18-->src\main\AndroidManifest.xml:11:22-62
19    <uses-permission android:name="android.permission.WRITE_EXTERNAL_STORAGE" />
19-->src\main\AndroidManifest.xml:12:5-80
19-->src\main\AndroidManifest.xml:12:22-78
20    <uses-permission android:name="android.permission.RECORD_AUDIO" />
20-->src\main\AndroidManifest.xml:5:5-71
20-->src\main\AndroidManifest.xml:5:22-68
21
22    <application
22-->src\main\AndroidManifest.xml:14:5-207:19
23        android:allowBackup="true"
23-->src\main\AndroidManifest.xml:15:9-35
24        android:label="@string/app_name"
24-->src\main\AndroidManifest.xml:16:9-41
25        android:supportsRtl="true"
25-->src\main\AndroidManifest.xml:17:9-35
26        android:theme="@style/AppTheme" >
26-->src\main\AndroidManifest.xml:18:9-40
27        <activity
27-->src\main\AndroidManifest.xml:19:9-21:51
28            android:name="com.daasuu.camerarecorder.ui.activity.VideoRecyclerActivity"
28-->src\main\AndroidManifest.xml:20:13-87
29            android:screenOrientation="portrait" />
29-->src\main\AndroidManifest.xml:21:13-49
30        <activity
30-->src\main\AndroidManifest.xml:22:9-24:51
31            android:name="com.daasuu.camerarecorder.ui.activity.profileActivity"
31-->src\main\AndroidManifest.xml:23:13-81
32            android:screenOrientation="portrait" />
32-->src\main\AndroidManifest.xml:24:13-49
33        <activity
33-->src\main\AndroidManifest.xml:25:9-27:51
34            android:name="com.daasuu.camerarecorder.PZoomActivity"
34-->src\main\AndroidManifest.xml:26:13-67
35            android:screenOrientation="portrait" />
35-->src\main\AndroidManifest.xml:27:13-49
36        <activity
36-->src\main\AndroidManifest.xml:28:9-30:51
37            android:name="com.daasuu.camerarecorder.EntryActivity"
37-->src\main\AndroidManifest.xml:29:13-67
38            android:screenOrientation="portrait" />
38-->src\main\AndroidManifest.xml:30:13-49
39        <activity
39-->src\main\AndroidManifest.xml:31:9-33:51
40            android:name="com.daasuu.camerarecorder.FirstEntryActivity"
40-->src\main\AndroidManifest.xml:32:13-72
41            android:screenOrientation="portrait" />
41-->src\main\AndroidManifest.xml:33:13-49
42        <activity
42-->src\main\AndroidManifest.xml:34:9-36:51
43            android:name="com.daasuu.camerarecorder.VideoProcessActivity"
43-->src\main\AndroidManifest.xml:35:13-74
44            android:screenOrientation="portrait" />
44-->src\main\AndroidManifest.xml:36:13-49
45        <activity
45-->src\main\AndroidManifest.xml:37:9-39:51
46            android:name="com.daasuu.camerarecorder.MainZoomActivity"
46-->src\main\AndroidManifest.xml:38:13-70
47            android:screenOrientation="portrait" />
47-->src\main\AndroidManifest.xml:39:13-49
48        <activity
48-->src\main\AndroidManifest.xml:40:9-42:51
49            android:name="com.daasuu.camerarecorder.ZoomVideoActivity"
49-->src\main\AndroidManifest.xml:41:13-71
50            android:screenOrientation="portrait" />
50-->src\main\AndroidManifest.xml:42:13-49
51        <activity
51-->src\main\AndroidManifest.xml:43:9-46:51
52            android:name="com.daasuu.camerarecorder.CustomAutoPlace"
52-->src\main\AndroidManifest.xml:44:13-69
53            android:screenOrientation="portrait"
53-->src\main\AndroidManifest.xml:46:13-49
54            android:theme="@style/Theme.AppCompat.SelfLucent" />
54-->src\main\AndroidManifest.xml:45:13-62
55        <activity
55-->src\main\AndroidManifest.xml:47:9-49:51
56            android:name="com.daasuu.camerarecorder.PPicCrop"
56-->src\main\AndroidManifest.xml:48:13-62
57            android:screenOrientation="portrait" />
57-->src\main\AndroidManifest.xml:49:13-49
58        <activity
58-->src\main\AndroidManifest.xml:50:9-52:51
59            android:name="com.daasuu.camerarecorder.ZoomMultiActivity"
59-->src\main\AndroidManifest.xml:51:13-71
60            android:screenOrientation="portrait" />
60-->src\main\AndroidManifest.xml:52:13-49
61        <activity
61-->src\main\AndroidManifest.xml:53:9-55:51
62            android:name="com.daasuu.camerarecorder.StoryVideoActivity"
62-->src\main\AndroidManifest.xml:54:13-72
63            android:screenOrientation="portrait" />
63-->src\main\AndroidManifest.xml:55:13-49
64        <activity
64-->src\main\AndroidManifest.xml:56:9-59:51
65            android:name="com.daasuu.camerarecorder.AddGiffOnVideoActivity"
65-->src\main\AndroidManifest.xml:57:13-76
66            android:screenOrientation="portrait"
66-->src\main\AndroidManifest.xml:59:13-49
67            android:theme="@style/Theme.AppCompat.Transaprent" />
67-->src\main\AndroidManifest.xml:58:13-63
68        <activity
68-->src\main\AndroidManifest.xml:60:9-62:51
69            android:name="com.daasuu.camerarecorder.BaseCameraActivity"
69-->src\main\AndroidManifest.xml:61:13-72
70            android:screenOrientation="portrait" />
70-->src\main\AndroidManifest.xml:62:13-49
71        <activity
71-->src\main\AndroidManifest.xml:63:9-65:51
72            android:name="com.daasuu.camerarecorder.CommentActivity"
72-->src\main\AndroidManifest.xml:64:13-69
73            android:screenOrientation="portrait" />
73-->src\main\AndroidManifest.xml:65:13-49
74        <activity
74-->src\main\AndroidManifest.xml:66:9-68:51
75            android:name="com.daasuu.camerarecorder.ZoomActivity"
75-->src\main\AndroidManifest.xml:67:13-66
76            android:screenOrientation="portrait" />
76-->src\main\AndroidManifest.xml:68:13-49
77        <activity
77-->src\main\AndroidManifest.xml:69:9-71:51
78            android:name="com.daasuu.camerarecorder.CollageActivity"
78-->src\main\AndroidManifest.xml:70:13-69
79            android:screenOrientation="portrait" />
79-->src\main\AndroidManifest.xml:71:13-49
80        <activity
80-->src\main\AndroidManifest.xml:72:9-74:51
81            android:name="com.daasuu.camerarecorder.StatusOptionsActivity"
81-->src\main\AndroidManifest.xml:73:13-75
82            android:screenOrientation="portrait" />
82-->src\main\AndroidManifest.xml:74:13-49
83        <activity
83-->src\main\AndroidManifest.xml:75:9-77:51
84            android:name="com.daasuu.camerarecorder.ProfileCropper"
84-->src\main\AndroidManifest.xml:76:13-68
85            android:screenOrientation="portrait" />
85-->src\main\AndroidManifest.xml:77:13-49
86        <activity
86-->src\main\AndroidManifest.xml:78:9-81:51
87            android:name="com.daasuu.camerarecorder.CustomDateActivity"
87-->src\main\AndroidManifest.xml:79:13-72
88            android:screenOrientation="portrait"
88-->src\main\AndroidManifest.xml:81:13-49
89            android:theme="@style/Theme.AppCompat.Transaprent" />
89-->src\main\AndroidManifest.xml:80:13-63
90        <activity
90-->src\main\AndroidManifest.xml:82:9-85:52
91            android:name="com.daasuu.camerarecorder.FastAndSlowVideoMotionActivity"
91-->src\main\AndroidManifest.xml:83:13-84
92            android:screenOrientation="portrait"
92-->src\main\AndroidManifest.xml:85:13-49
93            android:theme="@style/Theme.AppCompat.SelfLucent" />
93-->src\main\AndroidManifest.xml:84:13-62
94        <activity
94-->src\main\AndroidManifest.xml:86:9-89:51
95            android:name="com.daasuu.camerarecorder.SearchGiffActivity"
95-->src\main\AndroidManifest.xml:87:13-72
96            android:screenOrientation="portrait"
96-->src\main\AndroidManifest.xml:89:13-49
97            android:theme="@style/Theme.AppCompat.Transaprent" />
97-->src\main\AndroidManifest.xml:88:13-63
98        <activity
98-->src\main\AndroidManifest.xml:90:9-94:52
99            android:name="com.daasuu.camerarecorder.UpdateProfileActivity"
99-->src\main\AndroidManifest.xml:91:13-75
100            android:screenOrientation="portrait"
100-->src\main\AndroidManifest.xml:94:13-49
101            android:theme="@style/Theme.AppCompat.Transaprent"
101-->src\main\AndroidManifest.xml:93:13-63
102            android:windowSoftInputMode="adjustPan" />
102-->src\main\AndroidManifest.xml:92:13-52
103        <activity
103-->src\main\AndroidManifest.xml:95:9-97:52
104            android:name="com.daasuu.camerarecorder.AddCommentActivity"
104-->src\main\AndroidManifest.xml:96:13-72
105            android:screenOrientation="portrait" />
105-->src\main\AndroidManifest.xml:97:13-49
106        <activity
106-->src\main\AndroidManifest.xml:98:9-100:52
107            android:name="com.daasuu.camerarecorder.MultiPhotoActivity"
107-->src\main\AndroidManifest.xml:99:13-72
108            android:screenOrientation="portrait" />
108-->src\main\AndroidManifest.xml:100:13-49
109        <activity
109-->src\main\AndroidManifest.xml:101:9-103:52
110            android:name="com.daasuu.camerarecorder.CombineImagesActivity"
110-->src\main\AndroidManifest.xml:102:13-75
111            android:screenOrientation="portrait" />
111-->src\main\AndroidManifest.xml:103:13-49
112        <activity
112-->src\main\AndroidManifest.xml:104:9-106:52
113            android:name="com.daasuu.camerarecorder.friendListMenu"
113-->src\main\AndroidManifest.xml:105:13-68
114            android:screenOrientation="portrait" />
114-->src\main\AndroidManifest.xml:106:13-49
115        <activity
115-->src\main\AndroidManifest.xml:107:9-109:52
116            android:name="com.daasuu.camerarecorder.OpenOptions"
116-->src\main\AndroidManifest.xml:108:13-65
117            android:screenOrientation="portrait" />
117-->src\main\AndroidManifest.xml:109:13-49
118        <activity
118-->src\main\AndroidManifest.xml:110:9-112:52
119            android:name="com.daasuu.camerarecorder.ExtractAudioActivity"
119-->src\main\AndroidManifest.xml:111:13-74
120            android:screenOrientation="portrait" />
120-->src\main\AndroidManifest.xml:112:13-49
121        <activity
121-->src\main\AndroidManifest.xml:113:9-116:52
122            android:name="com.daasuu.camerarecorder.ShowUpdateActivity"
122-->src\main\AndroidManifest.xml:114:13-72
123            android:screenOrientation="portrait"
123-->src\main\AndroidManifest.xml:116:13-49
124            android:theme="@style/Theme.AppCompat.Transaprent" />
124-->src\main\AndroidManifest.xml:115:13-63
125        <activity
125-->src\main\AndroidManifest.xml:117:9-120:52
126            android:name="com.daasuu.camerarecorder.AddTextOnVideoActivity"
126-->src\main\AndroidManifest.xml:118:13-76
127            android:screenOrientation="portrait"
127-->src\main\AndroidManifest.xml:120:13-49
128            android:theme="@style/Theme.AppCompat.SelfLucent" />
128-->src\main\AndroidManifest.xml:119:13-62
129        <activity
129-->src\main\AndroidManifest.xml:121:9-124:52
130            android:name="com.daasuu.camerarecorder.ReverseVideoActivity"
130-->src\main\AndroidManifest.xml:122:13-74
131            android:screenOrientation="portrait"
131-->src\main\AndroidManifest.xml:124:13-49
132            android:theme="@style/Theme.AppCompat.SelfLucent" />
132-->src\main\AndroidManifest.xml:123:13-62
133        <activity
133-->src\main\AndroidManifest.xml:125:9-127:52
134            android:name="com.daasuu.camerarecorder.MergeImageAndMP3Activity"
134-->src\main\AndroidManifest.xml:126:13-78
135            android:screenOrientation="portrait" />
135-->src\main\AndroidManifest.xml:127:13-49
136        <activity
136-->src\main\AndroidManifest.xml:128:9-131:52
137            android:name="com.daasuu.camerarecorder.LikeActivity"
137-->src\main\AndroidManifest.xml:129:13-66
138            android:screenOrientation="portrait"
138-->src\main\AndroidManifest.xml:131:13-49
139            android:theme="@style/Theme.AppCompat.Transaprent" />
139-->src\main\AndroidManifest.xml:130:13-63
140        <activity
140-->src\main\AndroidManifest.xml:132:9-135:52
141            android:name="com.daasuu.camerarecorder.LikeActivity2"
141-->src\main\AndroidManifest.xml:133:13-67
142            android:screenOrientation="portrait"
142-->src\main\AndroidManifest.xml:135:13-49
143            android:theme="@style/Theme.AppCompat.Transaprent" />
143-->src\main\AndroidManifest.xml:134:13-63
144        <activity
144-->src\main\AndroidManifest.xml:136:9-139:52
145            android:name="com.daasuu.camerarecorder.PopupMenuAcitivty"
145-->src\main\AndroidManifest.xml:137:13-71
146            android:screenOrientation="portrait"
146-->src\main\AndroidManifest.xml:139:13-49
147            android:theme="@style/Theme.AppCompat.Transaprent" />
147-->src\main\AndroidManifest.xml:138:13-63
148        <activity
148-->src\main\AndroidManifest.xml:140:9-142:52
149            android:name="com.daasuu.camerarecorder.MessageActivity"
149-->src\main\AndroidManifest.xml:141:13-69
150            android:screenOrientation="portrait" />
150-->src\main\AndroidManifest.xml:142:13-49
151        <activity
151-->src\main\AndroidManifest.xml:143:9-146:52
152            android:name="com.daasuu.camerarecorder.AddWaterMarkOnVideoActivity"
152-->src\main\AndroidManifest.xml:144:13-81
153            android:screenOrientation="portrait"
153-->src\main\AndroidManifest.xml:146:13-49
154            android:theme="@style/Theme.AppCompat.SelfLucent" />
154-->src\main\AndroidManifest.xml:145:13-62
155        <activity
155-->src\main\AndroidManifest.xml:147:9-150:52
156            android:name="com.daasuu.camerarecorder.SpeechManipulatorActivity"
156-->src\main\AndroidManifest.xml:148:13-79
157            android:screenOrientation="portrait"
157-->src\main\AndroidManifest.xml:150:13-49
158            android:theme="@style/Theme.AppCompat.SelfLucent" />
158-->src\main\AndroidManifest.xml:149:13-62
159        <activity
159-->src\main\AndroidManifest.xml:151:9-154:52
160            android:name="com.daasuu.camerarecorder.CombineVideosActivity"
160-->src\main\AndroidManifest.xml:152:13-75
161            android:screenOrientation="portrait"
161-->src\main\AndroidManifest.xml:154:13-49
162            android:theme="@style/Theme.AppCompat.Transaprent" />
162-->src\main\AndroidManifest.xml:153:13-63
163        <activity
163-->src\main\AndroidManifest.xml:155:9-157:52
164            android:name="com.daasuu.camerarecorder.IntroActivity"
164-->src\main\AndroidManifest.xml:156:13-67
165            android:screenOrientation="portrait" />
165-->src\main\AndroidManifest.xml:157:13-49
166        <activity
166-->src\main\AndroidManifest.xml:158:9-160:52
167            android:name="com.daasuu.camerarecorder.CombineImageAndVideoActivity"
167-->src\main\AndroidManifest.xml:159:13-82
168            android:screenOrientation="portrait" />
168-->src\main\AndroidManifest.xml:160:13-49
169        <activity
169-->src\main\AndroidManifest.xml:161:9-163:52
170            android:name="com.daasuu.camerarecorder.MergeAudioVideoActivity"
170-->src\main\AndroidManifest.xml:162:13-77
171            android:screenOrientation="portrait" />
171-->src\main\AndroidManifest.xml:163:13-49
172        <activity
172-->src\main\AndroidManifest.xml:164:9-166:52
173            android:name="com.daasuu.camerarecorder.RemoveAudioFromVideoActivity"
173-->src\main\AndroidManifest.xml:165:13-82
174            android:screenOrientation="portrait" />
174-->src\main\AndroidManifest.xml:166:13-49
175        <activity
175-->src\main\AndroidManifest.xml:167:9-169:52
176            android:name="com.daasuu.camerarecorder.ImageToVideoConvertActivity"
176-->src\main\AndroidManifest.xml:168:13-81
177            android:screenOrientation="portrait" />
177-->src\main\AndroidManifest.xml:169:13-49
178        <activity
178-->src\main\AndroidManifest.xml:170:9-172:52
179            android:name="com.daasuu.camerarecorder.VideoRotateFlipActivity"
179-->src\main\AndroidManifest.xml:171:13-77
180            android:screenOrientation="portrait" />
180-->src\main\AndroidManifest.xml:172:13-49
181        <activity
181-->src\main\AndroidManifest.xml:173:9-175:52
182            android:name="com.daasuu.camerarecorder.CutVideoUsingTimeActivity"
182-->src\main\AndroidManifest.xml:174:13-79
183            android:screenOrientation="portrait" />
183-->src\main\AndroidManifest.xml:175:13-49
184        <activity
184-->src\main\AndroidManifest.xml:176:9-178:52
185            android:name="com.daasuu.camerarecorder.VideoToGifActivity"
185-->src\main\AndroidManifest.xml:177:13-72
186            android:screenOrientation="portrait" />
186-->src\main\AndroidManifest.xml:178:13-49
187        <activity
187-->src\main\AndroidManifest.xml:179:9-181:52
188            android:name="com.daasuu.camerarecorder.ExtraOptionsActivity"
188-->src\main\AndroidManifest.xml:180:13-74
189            android:screenOrientation="portrait" />
189-->src\main\AndroidManifest.xml:181:13-49
190        <activity
190-->src\main\AndroidManifest.xml:182:9-184:52
191            android:name="com.daasuu.camerarecorder.OptionsList"
191-->src\main\AndroidManifest.xml:183:13-65
192            android:screenOrientation="portrait" />
192-->src\main\AndroidManifest.xml:184:13-49
193        <activity
193-->src\main\AndroidManifest.xml:185:9-187:52
194            android:name="com.daasuu.camerarecorder.TrimMainActivity"
194-->src\main\AndroidManifest.xml:186:13-70
195            android:screenOrientation="portrait" />
195-->src\main\AndroidManifest.xml:187:13-49
196        <activity
196-->src\main\AndroidManifest.xml:188:9-190:52
197            android:name="com.daasuu.camerarecorder.ProcessActivity"
197-->src\main\AndroidManifest.xml:189:13-69
198            android:screenOrientation="portrait" />
198-->src\main\AndroidManifest.xml:190:13-49
199        <activity
199-->src\main\AndroidManifest.xml:191:9-193:52
200            android:name="com.daasuu.camerarecorder.MainFrameActivity"
200-->src\main\AndroidManifest.xml:192:13-71
201            android:screenOrientation="portrait" />
201-->src\main\AndroidManifest.xml:193:13-49
202        <activity
202-->src\main\AndroidManifest.xml:194:9-196:52
203            android:name="com.daasuu.camerarecorder.PlaygroundActivity"
203-->src\main\AndroidManifest.xml:195:13-72
204            android:screenOrientation="portrait" />
204-->src\main\AndroidManifest.xml:196:13-49
205        <activity
205-->src\main\AndroidManifest.xml:197:9-200:45
206            android:name="com.daasuu.camerarecorder.TrimmerActivity"
206-->src\main\AndroidManifest.xml:198:13-69
207            android:screenOrientation="portrait"
207-->src\main\AndroidManifest.xml:199:13-49
208            tools:ignore="Instantiatable" />
208-->src\main\AndroidManifest.xml:200:13-42
209        <activity
209-->src\main\AndroidManifest.xml:201:9-203:52
210            android:name="com.daasuu.camerarecorder.VoiceRecorderActivity"
210-->src\main\AndroidManifest.xml:202:13-75
211            android:screenOrientation="portrait" />
211-->src\main\AndroidManifest.xml:203:13-49
212
213        <meta-data
213-->src\main\AndroidManifest.xml:204:9-206:57
214            android:name="preloaded_fonts"
214-->src\main\AndroidManifest.xml:205:13-43
215            android:resource="@array/preloaded_fonts" />
215-->src\main\AndroidManifest.xml:206:13-54
216    </application>
217
218</manifest>